<?xml version="1.0" encoding="UTF-8"?>
<testng-results skipped="1" failed="0" ignored="0" total="1" passed="0">
  <reporter-output>
  </reporter-output>
  <suite name="Default suite" duration-ms="218" started-at="2021-08-24T10:33:30Z" finished-at="2021-08-24T10:33:30Z">
    <groups>
    </groups>
    <test name="Default test" duration-ms="218" started-at="2021-08-24T10:33:30Z" finished-at="2021-08-24T10:33:30Z">
      <class name="reports.ExtentReportDemo">
        <test-method status="FAIL" signature="config()[pri:0, instance:reports.ExtentReportDemo@604ed9f0]" name="config" is-config="true" duration-ms="0" started-at="2021-08-24T16:03:30Z" finished-at="2021-08-24T16:03:30Z">
          <exception class="java.lang.NoSuchFieldError">
            <message>
              <![CDATA[VERSION_2_3_29]]>
            </message>
            <full-stacktrace>
              <![CDATA[java.lang.NoSuchFieldError: VERSION_2_3_29
	at com.aventstack.extentreports.reporter.BasicFileReporter.start(BasicFileReporter.java:98)
	at com.aventstack.extentreports.ReportObservable.register(ReportObservable.java:192)
	at java.util.Spliterators$ArraySpliterator.forEachRemaining(Unknown Source)
	at java.util.stream.ReferencePipeline$Head.forEach(Unknown Source)
	at com.aventstack.extentreports.ExtentReports.attachReporter(ExtentReports.java:82)
	at reports.ExtentReportDemo.config(ExtentReportDemo.java:31)
	at sun.reflect.NativeMethodAccessorImpl.invoke0(Native Method)
	at sun.reflect.NativeMethodAccessorImpl.invoke(Unknown Source)
	at sun.reflect.DelegatingMethodAccessorImpl.invoke(Unknown Source)
	at java.lang.reflect.Method.invoke(Unknown Source)
	at org.testng.internal.MethodInvocationHelper.invokeMethod(MethodInvocationHelper.java:104)
	at org.testng.internal.Invoker.invokeConfigurationMethod(Invoker.java:515)
	at org.testng.internal.Invoker.invokeConfigurations(Invoker.java:217)
	at org.testng.internal.Invoker.invokeConfigurations(Invoker.java:144)
	at org.testng.TestRunner.beforeRun(TestRunner.java:634)
	at org.testng.TestRunner.run(TestRunner.java:602)
	at org.testng.SuiteRunner.runTest(SuiteRunner.java:387)
	at org.testng.SuiteRunner.runSequentially(SuiteRunner.java:382)
	at org.testng.SuiteRunner.privateRun(SuiteRunner.java:340)
	at org.testng.SuiteRunner.run(SuiteRunner.java:289)
	at org.testng.SuiteRunnerWorker.runSuite(SuiteRunnerWorker.java:52)
	at org.testng.SuiteRunnerWorker.run(SuiteRunnerWorker.java:86)
	at org.testng.TestNG.runSuitesSequentially(TestNG.java:1293)
	at org.testng.TestNG.runSuitesLocally(TestNG.java:1218)
	at org.testng.TestNG.runSuites(TestNG.java:1133)
	at org.testng.TestNG.run(TestNG.java:1104)
	at org.testng.remote.AbstractRemoteTestNG.run(AbstractRemoteTestNG.java:126)
	at org.testng.remote.RemoteTestNG.initAndRun(RemoteTestNG.java:152)
	at org.testng.remote.RemoteTestNG.main(RemoteTestNG.java:57)
]]>
            </full-stacktrace>
          </exception> <!-- java.lang.NoSuchFieldError -->
          <reporter-output>
          </reporter-output>
        </test-method> <!-- config -->
        <test-method status="SKIP" signature="login()[pri:0, instance:reports.ExtentReportDemo@604ed9f0]" name="login" duration-ms="5" started-at="2021-08-24T16:03:30Z" finished-at="2021-08-24T16:03:30Z">
          <exception class="java.lang.NoSuchFieldError">
            <message>
              <![CDATA[VERSION_2_3_29]]>
            </message>
            <full-stacktrace>
              <![CDATA[java.lang.NoSuchFieldError: VERSION_2_3_29
	at com.aventstack.extentreports.reporter.BasicFileReporter.start(BasicFileReporter.java:98)
	at com.aventstack.extentreports.ReportObservable.register(ReportObservable.java:192)
	at java.util.Spliterators$ArraySpliterator.forEachRemaining(Unknown Source)
	at java.util.stream.ReferencePipeline$Head.forEach(Unknown Source)
	at com.aventstack.extentreports.ExtentReports.attachReporter(ExtentReports.java:82)
	at reports.ExtentReportDemo.config(ExtentReportDemo.java:31)
	at sun.reflect.NativeMethodAccessorImpl.invoke0(Native Method)
	at sun.reflect.NativeMethodAccessorImpl.invoke(Unknown Source)
	at sun.reflect.DelegatingMethodAccessorImpl.invoke(Unknown Source)
	at java.lang.reflect.Method.invoke(Unknown Source)
	at org.testng.internal.MethodInvocationHelper.invokeMethod(MethodInvocationHelper.java:104)
	at org.testng.internal.Invoker.invokeConfigurationMethod(Invoker.java:515)
	at org.testng.internal.Invoker.invokeConfigurations(Invoker.java:217)
	at org.testng.internal.Invoker.invokeConfigurations(Invoker.java:144)
	at org.testng.TestRunner.beforeRun(TestRunner.java:634)
	at org.testng.TestRunner.run(TestRunner.java:602)
	at org.testng.SuiteRunner.runTest(SuiteRunner.java:387)
	at org.testng.SuiteRunner.runSequentially(SuiteRunner.java:382)
	at org.testng.SuiteRunner.privateRun(SuiteRunner.java:340)
	at org.testng.SuiteRunner.run(SuiteRunner.java:289)
	at org.testng.SuiteRunnerWorker.runSuite(SuiteRunnerWorker.java:52)
	at org.testng.SuiteRunnerWorker.run(SuiteRunnerWorker.java:86)
	at org.testng.TestNG.runSuitesSequentially(TestNG.java:1293)
	at org.testng.TestNG.runSuitesLocally(TestNG.java:1218)
	at org.testng.TestNG.runSuites(TestNG.java:1133)
	at org.testng.TestNG.run(TestNG.java:1104)
	at org.testng.remote.AbstractRemoteTestNG.run(AbstractRemoteTestNG.java:126)
	at org.testng.remote.RemoteTestNG.initAndRun(RemoteTestNG.java:152)
	at org.testng.remote.RemoteTestNG.main(RemoteTestNG.java:57)
]]>
            </full-stacktrace>
          </exception> <!-- java.lang.NoSuchFieldError -->
          <reporter-output>
          </reporter-output>
        </test-method> <!-- login -->
      </class> <!-- reports.ExtentReportDemo -->
    </test> <!-- Default test -->
  </suite> <!-- Default suite -->
</testng-results>
